mode: set
github.com/sullivtr/terraform-provider-graphql/graphql/data_source_graphql_query.go:9.43,33.2 1 1
github.com/sullivtr/terraform-provider-graphql/graphql/data_source_graphql_query.go:35.74,37.16 2 1
github.com/sullivtr/terraform-provider-graphql/graphql/data_source_graphql_query.go:40.2,42.76 3 1
github.com/sullivtr/terraform-provider-graphql/graphql/data_source_graphql_query.go:45.2,45.12 1 1
github.com/sullivtr/terraform-provider-graphql/graphql/data_source_graphql_query.go:37.16,39.3 1 0
github.com/sullivtr/terraform-provider-graphql/graphql/data_source_graphql_query.go:42.76,44.3 1 0
github.com/sullivtr/terraform-provider-graphql/graphql/keys.go:11.48,14.19 3 1
github.com/sullivtr/terraform-provider-graphql/graphql/keys.go:19.2,19.14 1 1
github.com/sullivtr/terraform-provider-graphql/graphql/keys.go:14.19,18.3 3 1
github.com/sullivtr/terraform-provider-graphql/graphql/keys.go:22.132,24.28 2 1
github.com/sullivtr/terraform-provider-graphql/graphql/keys.go:32.2,32.18 1 1
github.com/sullivtr/terraform-provider-graphql/graphql/keys.go:24.28,27.17 3 1
github.com/sullivtr/terraform-provider-graphql/graphql/keys.go:30.3,30.25 1 1
github.com/sullivtr/terraform-provider-graphql/graphql/keys.go:27.17,29.4 1 0
github.com/sullivtr/terraform-provider-graphql/graphql/keys.go:35.90,38.18 2 1
github.com/sullivtr/terraform-provider-graphql/graphql/keys.go:41.2,41.29 1 1
github.com/sullivtr/terraform-provider-graphql/graphql/keys.go:38.18,40.3 1 0
github.com/sullivtr/terraform-provider-graphql/graphql/keys.go:41.29,43.3 1 0
github.com/sullivtr/terraform-provider-graphql/graphql/keys.go:43.8,43.25 1 1
github.com/sullivtr/terraform-provider-graphql/graphql/keys.go:43.25,45.3 1 1
github.com/sullivtr/terraform-provider-graphql/graphql/keys.go:45.8,45.54 1 1
github.com/sullivtr/terraform-provider-graphql/graphql/keys.go:45.54,47.3 1 0
github.com/sullivtr/terraform-provider-graphql/graphql/keys.go:47.8,49.3 1 1
github.com/sullivtr/terraform-provider-graphql/graphql/keys.go:52.25,56.16 4 1
github.com/sullivtr/terraform-provider-graphql/graphql/keys.go:59.2,59.37 1 1
github.com/sullivtr/terraform-provider-graphql/graphql/keys.go:56.16,57.13 1 0
github.com/sullivtr/terraform-provider-graphql/graphql/provider.go:8.44,34.2 1 1
github.com/sullivtr/terraform-provider-graphql/graphql/provider.go:36.68,42.2 2 1
github.com/sullivtr/terraform-provider-graphql/graphql/query_executor.go:12.110,25.75 7 1
github.com/sullivtr/terraform-provider-graphql/graphql/query_executor.go:29.2,30.16 2 1
github.com/sullivtr/terraform-provider-graphql/graphql/query_executor.go:34.2,34.34 1 1
github.com/sullivtr/terraform-provider-graphql/graphql/query_executor.go:37.2,42.16 5 1
github.com/sullivtr/terraform-provider-graphql/graphql/query_executor.go:45.2,49.18 3 1
github.com/sullivtr/terraform-provider-graphql/graphql/query_executor.go:25.75,27.3 1 0
github.com/sullivtr/terraform-provider-graphql/graphql/query_executor.go:30.16,32.3 1 0
github.com/sullivtr/terraform-provider-graphql/graphql/query_executor.go:34.34,36.3 1 0
github.com/sullivtr/terraform-provider-graphql/graphql/query_executor.go:42.16,44.3 1 0
github.com/sullivtr/terraform-provider-graphql/graphql/resource_graphql_mutation.go:11.49,100.2 1 1
github.com/sullivtr/terraform-provider-graphql/graphql/resource_graphql_mutation.go:102.87,108.30 5 1
github.com/sullivtr/terraform-provider-graphql/graphql/resource_graphql_mutation.go:140.2,143.34 3 1
github.com/sullivtr/terraform-provider-graphql/graphql/resource_graphql_mutation.go:108.30,110.17 2 1
github.com/sullivtr/terraform-provider-graphql/graphql/resource_graphql_mutation.go:114.3,115.74 2 1
github.com/sullivtr/terraform-provider-graphql/graphql/resource_graphql_mutation.go:119.3,120.24 2 1
github.com/sullivtr/terraform-provider-graphql/graphql/resource_graphql_mutation.go:110.17,112.4 1 0
github.com/sullivtr/terraform-provider-graphql/graphql/resource_graphql_mutation.go:115.74,117.4 1 0
github.com/sullivtr/terraform-provider-graphql/graphql/resource_graphql_mutation.go:120.24,122.4 1 1
github.com/sullivtr/terraform-provider-graphql/graphql/resource_graphql_mutation.go:124.8,127.39 2 1
github.com/sullivtr/terraform-provider-graphql/graphql/resource_graphql_mutation.go:131.3,131.89 1 1
github.com/sullivtr/terraform-provider-graphql/graphql/resource_graphql_mutation.go:135.3,136.17 2 1
github.com/sullivtr/terraform-provider-graphql/graphql/resource_graphql_mutation.go:127.39,129.4 1 1
github.com/sullivtr/terraform-provider-graphql/graphql/resource_graphql_mutation.go:131.89,133.4 1 0
github.com/sullivtr/terraform-provider-graphql/graphql/resource_graphql_mutation.go:136.17,138.4 1 0
github.com/sullivtr/terraform-provider-graphql/graphql/resource_graphql_mutation.go:146.71,151.35 3 1
github.com/sullivtr/terraform-provider-graphql/graphql/resource_graphql_mutation.go:155.2,155.86 1 1
github.com/sullivtr/terraform-provider-graphql/graphql/resource_graphql_mutation.go:159.2,160.16 2 1
github.com/sullivtr/terraform-provider-graphql/graphql/resource_graphql_mutation.go:163.2,163.76 1 1
github.com/sullivtr/terraform-provider-graphql/graphql/resource_graphql_mutation.go:167.2,168.24 2 1
github.com/sullivtr/terraform-provider-graphql/graphql/resource_graphql_mutation.go:172.2,172.12 1 1
github.com/sullivtr/terraform-provider-graphql/graphql/resource_graphql_mutation.go:151.35,153.3 1 1
github.com/sullivtr/terraform-provider-graphql/graphql/resource_graphql_mutation.go:155.86,157.3 1 0
github.com/sullivtr/terraform-provider-graphql/graphql/resource_graphql_mutation.go:160.16,162.3 1 0
github.com/sullivtr/terraform-provider-graphql/graphql/resource_graphql_mutation.go:163.76,165.3 1 0
github.com/sullivtr/terraform-provider-graphql/graphql/resource_graphql_mutation.go:168.24,170.3 1 1
github.com/sullivtr/terraform-provider-graphql/graphql/resource_graphql_mutation.go:175.81,177.16 2 1
github.com/sullivtr/terraform-provider-graphql/graphql/resource_graphql_mutation.go:180.2,180.12 1 1
github.com/sullivtr/terraform-provider-graphql/graphql/resource_graphql_mutation.go:177.16,179.3 1 0
github.com/sullivtr/terraform-provider-graphql/graphql/resource_graphql_mutation.go:183.88,191.16 7 1
github.com/sullivtr/terraform-provider-graphql/graphql/resource_graphql_mutation.go:196.2,197.16 2 1
github.com/sullivtr/terraform-provider-graphql/graphql/resource_graphql_mutation.go:233.2,233.12 1 1
github.com/sullivtr/terraform-provider-graphql/graphql/resource_graphql_mutation.go:191.16,193.3 1 0
github.com/sullivtr/terraform-provider-graphql/graphql/resource_graphql_mutation.go:197.16,199.3 1 0
github.com/sullivtr/terraform-provider-graphql/graphql/resource_graphql_mutation.go:199.8,202.40 2 1
github.com/sullivtr/terraform-provider-graphql/graphql/resource_graphql_mutation.go:205.3,205.26 1 1
github.com/sullivtr/terraform-provider-graphql/graphql/resource_graphql_mutation.go:208.3,208.74 1 1
github.com/sullivtr/terraform-provider-graphql/graphql/resource_graphql_mutation.go:213.3,214.45 2 1
github.com/sullivtr/terraform-provider-graphql/graphql/resource_graphql_mutation.go:217.3,217.26 1 1
github.com/sullivtr/terraform-provider-graphql/graphql/resource_graphql_mutation.go:220.3,220.76 1 1
github.com/sullivtr/terraform-provider-graphql/graphql/resource_graphql_mutation.go:225.3,225.39 1 1
github.com/sullivtr/terraform-provider-graphql/graphql/resource_graphql_mutation.go:228.3,228.76 1 1
github.com/sullivtr/terraform-provider-graphql/graphql/resource_graphql_mutation.go:202.40,204.4 1 1
github.com/sullivtr/terraform-provider-graphql/graphql/resource_graphql_mutation.go:205.26,207.4 1 1
github.com/sullivtr/terraform-provider-graphql/graphql/resource_graphql_mutation.go:208.74,210.4 1 0
github.com/sullivtr/terraform-provider-graphql/graphql/resource_graphql_mutation.go:214.45,216.4 1 1
github.com/sullivtr/terraform-provider-graphql/graphql/resource_graphql_mutation.go:217.26,219.4 1 1
github.com/sullivtr/terraform-provider-graphql/graphql/resource_graphql_mutation.go:220.76,222.4 1 0
github.com/sullivtr/terraform-provider-graphql/graphql/resource_graphql_mutation.go:225.39,227.4 1 1
github.com/sullivtr/terraform-provider-graphql/graphql/resource_graphql_mutation.go:228.76,230.4 1 0
