mode: set
github.com/sullivtr/terraform-provider-graphql/graphql/keys.go:12.48,13.15 1 1
github.com/sullivtr/terraform-provider-graphql/graphql/keys.go:16.2,18.19 3 1
github.com/sullivtr/terraform-provider-graphql/graphql/keys.go:23.2,23.14 1 1
github.com/sullivtr/terraform-provider-graphql/graphql/keys.go:13.15,15.3 1 1
github.com/sullivtr/terraform-provider-graphql/graphql/keys.go:18.19,22.3 3 1
github.com/sullivtr/terraform-provider-graphql/graphql/keys.go:26.132,28.28 2 1
github.com/sullivtr/terraform-provider-graphql/graphql/keys.go:36.2,36.18 1 1
github.com/sullivtr/terraform-provider-graphql/graphql/keys.go:28.28,31.17 3 1
github.com/sullivtr/terraform-provider-graphql/graphql/keys.go:34.3,34.25 1 1
github.com/sullivtr/terraform-provider-graphql/graphql/keys.go:31.17,33.4 1 1
github.com/sullivtr/terraform-provider-graphql/graphql/keys.go:39.90,42.18 2 1
github.com/sullivtr/terraform-provider-graphql/graphql/keys.go:47.2,47.34 1 1
github.com/sullivtr/terraform-provider-graphql/graphql/keys.go:80.2,80.29 1 1
github.com/sullivtr/terraform-provider-graphql/graphql/keys.go:42.18,44.3 1 1
github.com/sullivtr/terraform-provider-graphql/graphql/keys.go:47.34,58.33 7 1
github.com/sullivtr/terraform-provider-graphql/graphql/keys.go:68.3,69.24 2 1
github.com/sullivtr/terraform-provider-graphql/graphql/keys.go:77.3,77.40 1 1
github.com/sullivtr/terraform-provider-graphql/graphql/keys.go:58.33,60.4 1 1
github.com/sullivtr/terraform-provider-graphql/graphql/keys.go:60.9,60.50 1 1
github.com/sullivtr/terraform-provider-graphql/graphql/keys.go:60.50,63.4 1 1
github.com/sullivtr/terraform-provider-graphql/graphql/keys.go:63.9,63.41 1 1
github.com/sullivtr/terraform-provider-graphql/graphql/keys.go:63.41,65.4 1 1
github.com/sullivtr/terraform-provider-graphql/graphql/keys.go:69.24,70.25 1 1
github.com/sullivtr/terraform-provider-graphql/graphql/keys.go:70.25,71.57 1 1
github.com/sullivtr/terraform-provider-graphql/graphql/keys.go:74.5,74.10 1 1
github.com/sullivtr/terraform-provider-graphql/graphql/keys.go:71.57,73.6 1 1
github.com/sullivtr/terraform-provider-graphql/graphql/keys.go:80.29,82.3 1 1
github.com/sullivtr/terraform-provider-graphql/graphql/keys.go:82.8,82.25 1 1
github.com/sullivtr/terraform-provider-graphql/graphql/keys.go:82.25,84.3 1 1
github.com/sullivtr/terraform-provider-graphql/graphql/keys.go:84.8,84.54 1 1
github.com/sullivtr/terraform-provider-graphql/graphql/keys.go:84.54,86.3 1 1
github.com/sullivtr/terraform-provider-graphql/graphql/keys.go:86.8,89.3 1 1
github.com/sullivtr/terraform-provider-graphql/graphql/keys.go:92.25,96.16 4 0
github.com/sullivtr/terraform-provider-graphql/graphql/keys.go:99.2,99.37 1 0
github.com/sullivtr/terraform-provider-graphql/graphql/keys.go:96.16,97.13 1 0
github.com/sullivtr/terraform-provider-graphql/graphql/mocks.go:89.71,91.16 2 0
github.com/sullivtr/terraform-provider-graphql/graphql/mocks.go:95.2,97.44 2 0
github.com/sullivtr/terraform-provider-graphql/graphql/mocks.go:101.2,101.49 1 0
github.com/sullivtr/terraform-provider-graphql/graphql/mocks.go:91.16,93.3 1 0
github.com/sullivtr/terraform-provider-graphql/graphql/mocks.go:97.44,99.3 1 0
github.com/sullivtr/terraform-provider-graphql/graphql/mocks.go:104.77,106.16 2 0
github.com/sullivtr/terraform-provider-graphql/graphql/mocks.go:110.2,112.45 2 0
github.com/sullivtr/terraform-provider-graphql/graphql/mocks.go:116.2,116.49 1 0
github.com/sullivtr/terraform-provider-graphql/graphql/mocks.go:106.16,108.3 1 0
github.com/sullivtr/terraform-provider-graphql/graphql/mocks.go:112.45,114.3 1 0
github.com/sullivtr/terraform-provider-graphql/graphql/provider.go:10.34,36.2 1 1
github.com/sullivtr/terraform-provider-graphql/graphql/provider.go:38.100,44.2 2 0
github.com/sullivtr/terraform-provider-graphql/graphql/query_executor.go:13.131,26.75 7 0
github.com/sullivtr/terraform-provider-graphql/graphql/query_executor.go:30.2,31.16 2 0
github.com/sullivtr/terraform-provider-graphql/graphql/query_executor.go:35.2,35.34 1 0
github.com/sullivtr/terraform-provider-graphql/graphql/query_executor.go:38.2,43.16 5 0
github.com/sullivtr/terraform-provider-graphql/graphql/query_executor.go:46.2,50.18 3 0
github.com/sullivtr/terraform-provider-graphql/graphql/query_executor.go:26.75,28.3 1 0
github.com/sullivtr/terraform-provider-graphql/graphql/query_executor.go:31.16,33.3 1 0
github.com/sullivtr/terraform-provider-graphql/graphql/query_executor.go:35.34,37.3 1 0
github.com/sullivtr/terraform-provider-graphql/graphql/query_executor.go:43.16,45.3 1 0
github.com/sullivtr/terraform-provider-graphql/graphql/resource_graphql_mutation.go:13.49,102.2 1 1
github.com/sullivtr/terraform-provider-graphql/graphql/resource_graphql_mutation.go:104.119,110.30 5 0
github.com/sullivtr/terraform-provider-graphql/graphql/resource_graphql_mutation.go:142.2,145.39 3 0
github.com/sullivtr/terraform-provider-graphql/graphql/resource_graphql_mutation.go:110.30,112.17 2 0
github.com/sullivtr/terraform-provider-graphql/graphql/resource_graphql_mutation.go:116.3,117.74 2 0
github.com/sullivtr/terraform-provider-graphql/graphql/resource_graphql_mutation.go:121.3,122.24 2 0
github.com/sullivtr/terraform-provider-graphql/graphql/resource_graphql_mutation.go:112.17,114.4 1 0
github.com/sullivtr/terraform-provider-graphql/graphql/resource_graphql_mutation.go:117.74,119.4 1 0
github.com/sullivtr/terraform-provider-graphql/graphql/resource_graphql_mutation.go:122.24,124.4 1 0
github.com/sullivtr/terraform-provider-graphql/graphql/resource_graphql_mutation.go:126.8,129.39 2 0
github.com/sullivtr/terraform-provider-graphql/graphql/resource_graphql_mutation.go:133.3,133.89 1 0
github.com/sullivtr/terraform-provider-graphql/graphql/resource_graphql_mutation.go:137.3,138.17 2 0
github.com/sullivtr/terraform-provider-graphql/graphql/resource_graphql_mutation.go:129.39,131.4 1 0
github.com/sullivtr/terraform-provider-graphql/graphql/resource_graphql_mutation.go:133.89,135.4 1 0
github.com/sullivtr/terraform-provider-graphql/graphql/resource_graphql_mutation.go:138.17,140.4 1 0
github.com/sullivtr/terraform-provider-graphql/graphql/resource_graphql_mutation.go:148.103,153.35 3 0
github.com/sullivtr/terraform-provider-graphql/graphql/resource_graphql_mutation.go:157.2,157.86 1 0
github.com/sullivtr/terraform-provider-graphql/graphql/resource_graphql_mutation.go:161.2,162.16 2 0
github.com/sullivtr/terraform-provider-graphql/graphql/resource_graphql_mutation.go:165.2,165.76 1 0
github.com/sullivtr/terraform-provider-graphql/graphql/resource_graphql_mutation.go:169.2,170.24 2 0
github.com/sullivtr/terraform-provider-graphql/graphql/resource_graphql_mutation.go:174.2,174.27 1 0
github.com/sullivtr/terraform-provider-graphql/graphql/resource_graphql_mutation.go:153.35,155.3 1 0
github.com/sullivtr/terraform-provider-graphql/graphql/resource_graphql_mutation.go:157.86,159.3 1 0
github.com/sullivtr/terraform-provider-graphql/graphql/resource_graphql_mutation.go:162.16,164.3 1 0
github.com/sullivtr/terraform-provider-graphql/graphql/resource_graphql_mutation.go:165.76,167.3 1 0
github.com/sullivtr/terraform-provider-graphql/graphql/resource_graphql_mutation.go:170.24,172.3 1 0
github.com/sullivtr/terraform-provider-graphql/graphql/resource_graphql_mutation.go:177.113,179.16 2 0
github.com/sullivtr/terraform-provider-graphql/graphql/resource_graphql_mutation.go:182.2,182.12 1 0
github.com/sullivtr/terraform-provider-graphql/graphql/resource_graphql_mutation.go:179.16,181.3 1 0
github.com/sullivtr/terraform-provider-graphql/graphql/resource_graphql_mutation.go:185.88,193.16 7 0
github.com/sullivtr/terraform-provider-graphql/graphql/resource_graphql_mutation.go:198.2,199.16 2 0
github.com/sullivtr/terraform-provider-graphql/graphql/resource_graphql_mutation.go:235.2,235.12 1 0
github.com/sullivtr/terraform-provider-graphql/graphql/resource_graphql_mutation.go:193.16,195.3 1 0
github.com/sullivtr/terraform-provider-graphql/graphql/resource_graphql_mutation.go:199.16,201.3 1 0
github.com/sullivtr/terraform-provider-graphql/graphql/resource_graphql_mutation.go:201.8,204.40 2 0
github.com/sullivtr/terraform-provider-graphql/graphql/resource_graphql_mutation.go:207.3,207.26 1 0
github.com/sullivtr/terraform-provider-graphql/graphql/resource_graphql_mutation.go:210.3,210.74 1 0
github.com/sullivtr/terraform-provider-graphql/graphql/resource_graphql_mutation.go:215.3,216.45 2 0
github.com/sullivtr/terraform-provider-graphql/graphql/resource_graphql_mutation.go:219.3,219.26 1 0
github.com/sullivtr/terraform-provider-graphql/graphql/resource_graphql_mutation.go:222.3,222.76 1 0
github.com/sullivtr/terraform-provider-graphql/graphql/resource_graphql_mutation.go:227.3,227.39 1 0
github.com/sullivtr/terraform-provider-graphql/graphql/resource_graphql_mutation.go:230.3,230.76 1 0
github.com/sullivtr/terraform-provider-graphql/graphql/resource_graphql_mutation.go:204.40,206.4 1 0
github.com/sullivtr/terraform-provider-graphql/graphql/resource_graphql_mutation.go:207.26,209.4 1 0
github.com/sullivtr/terraform-provider-graphql/graphql/resource_graphql_mutation.go:210.74,212.4 1 0
github.com/sullivtr/terraform-provider-graphql/graphql/resource_graphql_mutation.go:216.45,218.4 1 0
github.com/sullivtr/terraform-provider-graphql/graphql/resource_graphql_mutation.go:219.26,221.4 1 0
github.com/sullivtr/terraform-provider-graphql/graphql/resource_graphql_mutation.go:222.76,224.4 1 0
github.com/sullivtr/terraform-provider-graphql/graphql/resource_graphql_mutation.go:227.39,229.4 1 0
github.com/sullivtr/terraform-provider-graphql/graphql/resource_graphql_mutation.go:230.76,232.4 1 0
github.com/sullivtr/terraform-provider-graphql/graphql/data_source_graphql_query.go:11.43,35.2 1 1
github.com/sullivtr/terraform-provider-graphql/graphql/data_source_graphql_query.go:37.106,39.16 2 0
github.com/sullivtr/terraform-provider-graphql/graphql/data_source_graphql_query.go:42.2,44.76 3 0
github.com/sullivtr/terraform-provider-graphql/graphql/data_source_graphql_query.go:47.2,47.12 1 0
github.com/sullivtr/terraform-provider-graphql/graphql/data_source_graphql_query.go:39.16,41.3 1 0
github.com/sullivtr/terraform-provider-graphql/graphql/data_source_graphql_query.go:44.76,46.3 1 0
