mode: set
github.com/sullivtr/terraform-provider-graphql/graphql/util.go:11.48,14.19 3 1
github.com/sullivtr/terraform-provider-graphql/graphql/util.go:19.2,19.14 1 1
github.com/sullivtr/terraform-provider-graphql/graphql/util.go:14.19,18.3 3 1
github.com/sullivtr/terraform-provider-graphql/graphql/util.go:22.132,24.28 2 1
github.com/sullivtr/terraform-provider-graphql/graphql/util.go:32.2,32.18 1 1
github.com/sullivtr/terraform-provider-graphql/graphql/util.go:24.28,27.17 3 1
github.com/sullivtr/terraform-provider-graphql/graphql/util.go:30.3,30.25 1 1
github.com/sullivtr/terraform-provider-graphql/graphql/util.go:27.17,29.4 1 0
github.com/sullivtr/terraform-provider-graphql/graphql/util.go:35.90,38.18 2 1
github.com/sullivtr/terraform-provider-graphql/graphql/util.go:41.2,41.29 1 1
github.com/sullivtr/terraform-provider-graphql/graphql/util.go:38.18,40.3 1 0
github.com/sullivtr/terraform-provider-graphql/graphql/util.go:41.29,43.3 1 0
github.com/sullivtr/terraform-provider-graphql/graphql/util.go:43.8,43.25 1 1
github.com/sullivtr/terraform-provider-graphql/graphql/util.go:43.25,45.3 1 1
github.com/sullivtr/terraform-provider-graphql/graphql/util.go:45.8,45.54 1 1
github.com/sullivtr/terraform-provider-graphql/graphql/util.go:45.54,47.3 1 0
github.com/sullivtr/terraform-provider-graphql/graphql/util.go:47.8,49.3 1 1
github.com/sullivtr/terraform-provider-graphql/graphql/util.go:52.31,56.16 4 1
github.com/sullivtr/terraform-provider-graphql/graphql/util.go:59.2,59.37 1 1
github.com/sullivtr/terraform-provider-graphql/graphql/util.go:56.16,57.13 1 0
github.com/sullivtr/terraform-provider-graphql/graphql/data_source_graphql_query.go:7.43,31.2 1 1
github.com/sullivtr/terraform-provider-graphql/graphql/data_source_graphql_query.go:33.74,35.16 2 1
github.com/sullivtr/terraform-provider-graphql/graphql/data_source_graphql_query.go:38.2,40.76 3 1
github.com/sullivtr/terraform-provider-graphql/graphql/data_source_graphql_query.go:43.2,43.12 1 1
github.com/sullivtr/terraform-provider-graphql/graphql/data_source_graphql_query.go:35.16,37.3 1 0
github.com/sullivtr/terraform-provider-graphql/graphql/data_source_graphql_query.go:40.76,42.3 1 0
github.com/sullivtr/terraform-provider-graphql/graphql/provider.go:8.44,34.2 1 1
github.com/sullivtr/terraform-provider-graphql/graphql/provider.go:36.68,42.2 2 1
github.com/sullivtr/terraform-provider-graphql/graphql/query_executor.go:12.110,25.75 7 1
github.com/sullivtr/terraform-provider-graphql/graphql/query_executor.go:29.2,30.16 2 1
github.com/sullivtr/terraform-provider-graphql/graphql/query_executor.go:34.2,34.34 1 1
github.com/sullivtr/terraform-provider-graphql/graphql/query_executor.go:37.2,42.16 5 1
github.com/sullivtr/terraform-provider-graphql/graphql/query_executor.go:45.2,49.18 3 1
github.com/sullivtr/terraform-provider-graphql/graphql/query_executor.go:25.75,27.3 1 0
github.com/sullivtr/terraform-provider-graphql/graphql/query_executor.go:30.16,32.3 1 0
github.com/sullivtr/terraform-provider-graphql/graphql/query_executor.go:34.34,36.3 1 0
github.com/sullivtr/terraform-provider-graphql/graphql/query_executor.go:42.16,44.3 1 0
github.com/sullivtr/terraform-provider-graphql/graphql/resource_graphql_query.go:10.49,88.2 1 1
github.com/sullivtr/terraform-provider-graphql/graphql/resource_graphql_query.go:90.87,96.30 5 1
github.com/sullivtr/terraform-provider-graphql/graphql/resource_graphql_query.go:123.2,126.34 3 1
github.com/sullivtr/terraform-provider-graphql/graphql/resource_graphql_query.go:96.30,98.17 2 1
github.com/sullivtr/terraform-provider-graphql/graphql/resource_graphql_query.go:102.3,103.70 2 1
github.com/sullivtr/terraform-provider-graphql/graphql/resource_graphql_query.go:98.17,100.4 1 0
github.com/sullivtr/terraform-provider-graphql/graphql/resource_graphql_query.go:103.70,105.4 1 0
github.com/sullivtr/terraform-provider-graphql/graphql/resource_graphql_query.go:107.8,110.39 2 1
github.com/sullivtr/terraform-provider-graphql/graphql/resource_graphql_query.go:114.3,114.89 1 1
github.com/sullivtr/terraform-provider-graphql/graphql/resource_graphql_query.go:118.3,119.17 2 1
github.com/sullivtr/terraform-provider-graphql/graphql/resource_graphql_query.go:110.39,112.4 1 1
github.com/sullivtr/terraform-provider-graphql/graphql/resource_graphql_query.go:114.89,116.4 1 0
github.com/sullivtr/terraform-provider-graphql/graphql/resource_graphql_query.go:119.17,121.4 1 0
github.com/sullivtr/terraform-provider-graphql/graphql/resource_graphql_query.go:129.71,134.16 5 1
github.com/sullivtr/terraform-provider-graphql/graphql/resource_graphql_query.go:137.2,137.76 1 1
github.com/sullivtr/terraform-provider-graphql/graphql/resource_graphql_query.go:141.2,143.16 3 1
github.com/sullivtr/terraform-provider-graphql/graphql/resource_graphql_query.go:148.2,149.16 2 1
github.com/sullivtr/terraform-provider-graphql/graphql/resource_graphql_query.go:173.2,173.12 1 1
github.com/sullivtr/terraform-provider-graphql/graphql/resource_graphql_query.go:134.16,136.3 1 0
github.com/sullivtr/terraform-provider-graphql/graphql/resource_graphql_query.go:137.76,139.3 1 0
github.com/sullivtr/terraform-provider-graphql/graphql/resource_graphql_query.go:143.16,145.3 1 0
github.com/sullivtr/terraform-provider-graphql/graphql/resource_graphql_query.go:149.16,151.3 1 0
github.com/sullivtr/terraform-provider-graphql/graphql/resource_graphql_query.go:151.8,154.45 2 1
github.com/sullivtr/terraform-provider-graphql/graphql/resource_graphql_query.go:157.3,157.26 1 1
github.com/sullivtr/terraform-provider-graphql/graphql/resource_graphql_query.go:160.3,160.76 1 1
github.com/sullivtr/terraform-provider-graphql/graphql/resource_graphql_query.go:165.3,165.39 1 1
github.com/sullivtr/terraform-provider-graphql/graphql/resource_graphql_query.go:168.3,168.76 1 1
github.com/sullivtr/terraform-provider-graphql/graphql/resource_graphql_query.go:154.45,156.4 1 1
github.com/sullivtr/terraform-provider-graphql/graphql/resource_graphql_query.go:157.26,159.4 1 1
github.com/sullivtr/terraform-provider-graphql/graphql/resource_graphql_query.go:160.76,162.4 1 0
github.com/sullivtr/terraform-provider-graphql/graphql/resource_graphql_query.go:165.39,167.4 1 1
github.com/sullivtr/terraform-provider-graphql/graphql/resource_graphql_query.go:168.76,170.4 1 0
github.com/sullivtr/terraform-provider-graphql/graphql/resource_graphql_query.go:176.81,178.16 2 1
github.com/sullivtr/terraform-provider-graphql/graphql/resource_graphql_query.go:181.2,181.12 1 1
github.com/sullivtr/terraform-provider-graphql/graphql/resource_graphql_query.go:178.16,180.3 1 0
github.com/sullivtr/terraform-provider-graphql/graphql/test_utils.go:63.71,65.16 2 1
github.com/sullivtr/terraform-provider-graphql/graphql/test_utils.go:69.2,71.44 2 1
github.com/sullivtr/terraform-provider-graphql/graphql/test_utils.go:75.2,75.49 1 1
github.com/sullivtr/terraform-provider-graphql/graphql/test_utils.go:65.16,67.3 1 0
github.com/sullivtr/terraform-provider-graphql/graphql/test_utils.go:71.44,73.3 1 1
